# JRE version: OpenJDK Runtime Environment (8.0_372-b07) (build 1.8.0_372-b07)
# Java VM: OpenJDK 64-Bit Server VM (25.372-b07 mixed mode windows-amd64 compressed oops)
Heap:
 PSYoungGen      total 134656K, used 110136K [0x00000000e0000000, 0x00000000e8d00000, 0x0000000100000000)
  eden space 124928K, 88% used [0x00000000e0000000,0x00000000e6b8e368,0x00000000e7a00000)
  from space 9728K, 0% used [0x00000000e8380000,0x00000000e8380000,0x00000000e8d00000)
  to   space 9728K, 0% used [0x00000000e7a00000,0x00000000e7a00000,0x00000000e8380000)
 ParOldGen       total 34816K, used 9941K [0x00000000a0000000, 0x00000000a2200000, 0x00000000e0000000)
  object space 34816K, 28% used [0x00000000a0000000,0x00000000a09b5700,0x00000000a2200000)
 Metaspace       used 30730K, capacity 31344K, committed 31744K, reserved 1077248K
  class space    used 4329K, capacity 4534K, committed 4608K, reserved 1048576K
GC Heap History (10 events):
Event: 3.391 GC heap before
{Heap before GC invocations=5 (full 0):
 PSYoungGen      total 34304K, used 34276K [0x00000000e0000000, 0x00000000e2400000, 0x0000000100000000)
  eden space 31744K, 100% used [0x00000000e0000000,0x00000000e1f00000,0x00000000e1f00000)
  from space 2560K, 98% used [0x00000000e2180000,0x00000000e23f9370,0x00000000e2400000)
  to   space 2560K, 0% used [0x00000000e1f00000,0x00000000e1f00000,0x00000000e2180000)
 ParOldGen       total 42496K, used 1045K [0x00000000a0000000, 0x00000000a2980000, 0x00000000e0000000)
  object space 42496K, 2% used [0x00000000a0000000,0x00000000a01055c0,0x00000000a2980000)
 Metaspace       used 10915K, capacity 11172K, committed 11392K, reserved 1058816K
  class space    used 1460K, capacity 1550K, committed 1664K, reserved 1048576K
Event: 3.401 GC heap after
Heap after GC invocations=5 (full 0):
 PSYoungGen      total 34304K, used 2528K [0x00000000e0000000, 0x00000000e4900000, 0x0000000100000000)
  eden space 31744K, 0% used [0x00000000e0000000,0x00000000e0000000,0x00000000e1f00000)
  from space 2560K, 98% used [0x00000000e1f00000,0x00000000e2178020,0x00000000e2180000)
  to   space 5632K, 0% used [0x00000000e4380000,0x00000000e4380000,0x00000000e4900000)
 ParOldGen       total 42496K, used 4141K [0x00000000a0000000, 0x00000000a2980000, 0x00000000e0000000)
  object space 42496K, 9% used [0x00000000a0000000,0x00000000a040b5e0,0x00000000a2980000)
 Metaspace       used 10915K, capacity 11172K, committed 11392K, reserved 1058816K
  class space    used 1460K, capacity 1550K, committed 1664K, reserved 1048576K
}
Event: 4.290 GC heap before
{Heap before GC invocations=6 (full 0):
 PSYoungGen      total 34304K, used 34272K [0x00000000e0000000, 0x00000000e4900000, 0x0000000100000000)
  eden space 31744K, 100% used [0x00000000e0000000,0x00000000e1f00000,0x00000000e1f00000)
  from space 2560K, 98% used [0x00000000e1f00000,0x00000000e2178020,0x00000000e2180000)
  to   space 5632K, 0% used [0x00000000e4380000,0x00000000e4380000,0x00000000e4900000)
 ParOldGen       total 42496K, used 4141K [0x00000000a0000000, 0x00000000a2980000, 0x00000000e0000000)
  object space 42496K, 9% used [0x00000000a0000000,0x00000000a040b5e0,0x00000000a2980000)
 Metaspace       used 14260K, capacity 14638K, committed 14720K, reserved 1062912K
  class space    used 1991K, capacity 2129K, committed 2176K, reserved 1048576K
Event: 4.302 GC heap after
Heap after GC invocations=6 (full 0):
 PSYoungGen      total 68096K, used 5615K [0x00000000e0000000, 0x00000000e4b00000, 0x0000000100000000)
  eden space 62464K, 0% used [0x00000000e0000000,0x00000000e0000000,0x00000000e3d00000)
  from space 5632K, 99% used [0x00000000e4380000,0x00000000e48fbd10,0x00000000e4900000)
  to   space 6656K, 0% used [0x00000000e3d00000,0x00000000e3d00000,0x00000000e4380000)
 ParOldGen       total 42496K, used 4575K [0x00000000a0000000, 0x00000000a2980000, 0x00000000e0000000)
  object space 42496K, 10% used [0x00000000a0000000,0x00000000a0477fb0,0x00000000a2980000)
 Metaspace       used 14260K, capacity 14638K, committed 14720K, reserved 1062912K
  class space    used 1991K, capacity 2129K, committed 2176K, reserved 1048576K
}
Event: 5.878 GC heap before
{Heap before GC invocations=7 (full 0):
 PSYoungGen      total 68096K, used 68079K [0x00000000e0000000, 0x00000000e4b00000, 0x0000000100000000)
  eden space 62464K, 100% used [0x00000000e0000000,0x00000000e3d00000,0x00000000e3d00000)
  from space 5632K, 99% used [0x00000000e4380000,0x00000000e48fbd10,0x00000000e4900000)
  to   space 6656K, 0% used [0x00000000e3d00000,0x00000000e3d00000,0x00000000e4380000)
 ParOldGen       total 42496K, used 4575K [0x00000000a0000000, 0x00000000a2980000, 0x00000000e0000000)
  object space 42496K, 10% used [0x00000000a0000000,0x00000000a0477fb0,0x00000000a2980000)
 Metaspace       used 19158K, capacity 19618K, committed 19968K, reserved 1067008K
  class space    used 2820K, capacity 2999K, committed 3072K, reserved 1048576K
Event: 5.899 GC heap after
Heap after GC invocations=7 (full 0):
 PSYoungGen      total 69120K, used 6652K [0x00000000e0000000, 0x00000000e8d00000, 0x0000000100000000)
  eden space 62464K, 0% used [0x00000000e0000000,0x00000000e0000000,0x00000000e3d00000)
  from space 6656K, 99% used [0x00000000e3d00000,0x00000000e437f390,0x00000000e4380000)
  to   space 9728K, 0% used [0x00000000e8380000,0x00000000e8380000,0x00000000e8d00000)
 ParOldGen       total 42496K, used 7910K [0x00000000a0000000, 0x00000000a2980000, 0x00000000e0000000)
  object space 42496K, 18% used [0x00000000a0000000,0x00000000a07b9a00,0x00000000a2980000)
 Metaspace       used 19158K, capacity 19618K, committed 19968K, reserved 1067008K
  class space    used 2820K, capacity 2999K, committed 3072K, reserved 1048576K
}
Event: 6.347 GC heap before
{Heap before GC invocations=8 (full 0):
 PSYoungGen      total 69120K, used 22627K [0x00000000e0000000, 0x00000000e8d00000, 0x0000000100000000)
  eden space 62464K, 25% used [0x00000000e0000000,0x00000000e0f99bc0,0x00000000e3d00000)
  from space 6656K, 99% used [0x00000000e3d00000,0x00000000e437f390,0x00000000e4380000)
  to   space 9728K, 0% used [0x00000000e8380000,0x00000000e8380000,0x00000000e8d00000)
 ParOldGen       total 42496K, used 7910K [0x00000000a0000000, 0x00000000a2980000, 0x00000000e0000000)
  object space 42496K, 18% used [0x00000000a0000000,0x00000000a07b9a00,0x00000000a2980000)
 Metaspace       used 20552K, capacity 21110K, committed 21248K, reserved 1067008K
  class space    used 3050K, capacity 3243K, committed 3328K, reserved 1048576K
Event: 6.363 GC heap after
Heap after GC invocations=8 (full 0):
 PSYoungGen      total 134656K, used 5617K [0x00000000e0000000, 0x00000000e8d00000, 0x0000000100000000)
  eden space 124928K, 0% used [0x00000000e0000000,0x00000000e0000000,0x00000000e7a00000)
  from space 9728K, 57% used [0x00000000e8380000,0x00000000e88fc788,0x00000000e8d00000)
  to   space 9728K, 0% used [0x00000000e7a00000,0x00000000e7a00000,0x00000000e8380000)
 ParOldGen       total 42496K, used 8542K [0x00000000a0000000, 0x00000000a2980000, 0x00000000e0000000)
  object space 42496K, 20% used [0x00000000a0000000,0x00000000a0857a00,0x00000000a2980000)
 Metaspace       used 20552K, capacity 21110K, committed 21248K, reserved 1067008K
  class space    used 3050K, capacity 3243K, committed 3328K, reserved 1048576K
}
Event: 6.363 GC heap before
{Heap before GC invocations=9 (full 1):
 PSYoungGen      total 134656K, used 5617K [0x00000000e0000000, 0x00000000e8d00000, 0x0000000100000000)
  eden space 124928K, 0% used [0x00000000e0000000,0x00000000e0000000,0x00000000e7a00000)
  from space 9728K, 57% used [0x00000000e8380000,0x00000000e88fc788,0x00000000e8d00000)
  to   space 9728K, 0% used [0x00000000e7a00000,0x00000000e7a00000,0x00000000e8380000)
 ParOldGen       total 42496K, used 8542K [0x00000000a0000000, 0x00000000a2980000, 0x00000000e0000000)
  object space 42496K, 20% used [0x00000000a0000000,0x00000000a0857a00,0x00000000a2980000)
 Metaspace       used 20552K, capacity 21110K, committed 21248K, reserved 1067008K
  class space    used 3050K, capacity 3243K, committed 3328K, reserved 1048576K
Event: 6.443 GC heap after
Heap after GC invocations=9 (full 1):
 PSYoungGen      total 134656K, used 0K [0x00000000e0000000, 0x00000000e8d00000, 0x0000000100000000)
  eden space 124928K, 0% used [0x00000000e0000000,0x00000000e0000000,0x00000000e7a00000)
  from space 9728K, 0% used [0x00000000e8380000,0x00000000e8380000,0x00000000e8d00000)
  to   space 9728K, 0% used [0x00000000e7a00000,0x00000000e7a00000,0x00000000e8380000)
 ParOldGen       total 34816K, used 9941K [0x00000000a0000000, 0x00000000a2200000, 0x00000000e0000000)
  object space 34816K, 28% used [0x00000000a0000000,0x00000000a09b5700,0x00000000a2200000)
 Metaspace       used 20552K, capacity 21110K, committed 21248K, reserved 1067008K
  class space    used 3050K, capacity 3243K, committed 3328K, reserved 1048576K
}

