# JRE version: OpenJDK Runtime Environment (8.0_372-b07) (build 1.8.0_372-b07)
# Java VM: OpenJDK 64-Bit Server VM (25.372-b07 mixed mode windows-amd64 compressed oops)
Heap:
 PSYoungGen      total 88064K, used 65598K [0x00000000e0000000, 0x00000000e6100000, 0x0000000100000000)
  eden space 78848K, 81% used [0x00000000e0000000,0x00000000e3e7e648,0x00000000e4d00000)
  from space 9216K, 17% used [0x00000000e5800000,0x00000000e5991278,0x00000000e6100000)
  to   space 10240K, 0% used [0x00000000e4d00000,0x00000000e4d00000,0x00000000e5700000)
 ParOldGen       total 34816K, used 27345K [0x00000000a0000000, 0x00000000a2200000, 0x00000000e0000000)
  object space 34816K, 78% used [0x00000000a0000000,0x00000000a1ab4698,0x00000000a2200000)
 Metaspace       used 33251K, capacity 33922K, committed 34304K, reserved 1079296K
  class space    used 4592K, capacity 4793K, committed 4864K, reserved 1048576K
GC Heap History (10 events):
Event: 14.451 GC heap before
{Heap before GC invocations=13 (full 1):
 PSYoungGen      total 69120K, used 64420K [0x00000000e0000000, 0x00000000e4b00000, 0x0000000100000000)
  eden space 62464K, 100% used [0x00000000e0000000,0x00000000e3d00000,0x00000000e3d00000)
  from space 6656K, 29% used [0x00000000e3d00000,0x00000000e3ee9278,0x00000000e4380000)
  to   space 5632K, 0% used [0x00000000e4380000,0x00000000e4380000,0x00000000e4900000)
 ParOldGen       total 34816K, used 18342K [0x00000000a0000000, 0x00000000a2200000, 0x00000000e0000000)
  object space 34816K, 52% used [0x00000000a0000000,0x00000000a11e9880,0x00000000a2200000)
 Metaspace       used 30834K, capacity 31504K, committed 31744K, reserved 1077248K
  class space    used 4338K, capacity 4566K, committed 4608K, reserved 1048576K
Event: 14.459 GC heap after
Heap after GC invocations=13 (full 1):
 PSYoungGen      total 68096K, used 1938K [0x00000000e0000000, 0x00000000e4b00000, 0x0000000100000000)
  eden space 62464K, 0% used [0x00000000e0000000,0x00000000e0000000,0x00000000e3d00000)
  from space 5632K, 34% used [0x00000000e4380000,0x00000000e4564970,0x00000000e4900000)
  to   space 6656K, 0% used [0x00000000e3d00000,0x00000000e3d00000,0x00000000e4380000)
 ParOldGen       total 34816K, used 20222K [0x00000000a0000000, 0x00000000a2200000, 0x00000000e0000000)
  object space 34816K, 58% used [0x00000000a0000000,0x00000000a13bf880,0x00000000a2200000)
 Metaspace       used 30834K, capacity 31504K, committed 31744K, reserved 1077248K
  class space    used 4338K, capacity 4566K, committed 4608K, reserved 1048576K
}
Event: 14.990 GC heap before
{Heap before GC invocations=14 (full 1):
 PSYoungGen      total 68096K, used 64402K [0x00000000e0000000, 0x00000000e4b00000, 0x0000000100000000)
  eden space 62464K, 100% used [0x00000000e0000000,0x00000000e3d00000,0x00000000e3d00000)
  from space 5632K, 34% used [0x00000000e4380000,0x00000000e4564970,0x00000000e4900000)
  to   space 6656K, 0% used [0x00000000e3d00000,0x00000000e3d00000,0x00000000e4380000)
 ParOldGen       total 34816K, used 20222K [0x00000000a0000000, 0x00000000a2200000, 0x00000000e0000000)
  object space 34816K, 58% used [0x00000000a0000000,0x00000000a13bf880,0x00000000a2200000)
 Metaspace       used 30834K, capacity 31504K, committed 31744K, reserved 1077248K
  class space    used 4338K, capacity 4566K, committed 4608K, reserved 1048576K
Event: 14.999 GC heap after
Heap after GC invocations=14 (full 1):
 PSYoungGen      total 69120K, used 2011K [0x00000000e0000000, 0x00000000e4b00000, 0x0000000100000000)
  eden space 62464K, 0% used [0x00000000e0000000,0x00000000e0000000,0x00000000e3d00000)
  from space 6656K, 30% used [0x00000000e3d00000,0x00000000e3ef6e18,0x00000000e4380000)
  to   space 5632K, 0% used [0x00000000e4380000,0x00000000e4380000,0x00000000e4900000)
 ParOldGen       total 34816K, used 22062K [0x00000000a0000000, 0x00000000a2200000, 0x00000000e0000000)
  object space 34816K, 63% used [0x00000000a0000000,0x00000000a158b880,0x00000000a2200000)
 Metaspace       used 30834K, capacity 31504K, committed 31744K, reserved 1077248K
  class space    used 4338K, capacity 4566K, committed 4608K, reserved 1048576K
}
Event: 15.521 GC heap before
{Heap before GC invocations=15 (full 1):
 PSYoungGen      total 69120K, used 64475K [0x00000000e0000000, 0x00000000e4b00000, 0x0000000100000000)
  eden space 62464K, 100% used [0x00000000e0000000,0x00000000e3d00000,0x00000000e3d00000)
  from space 6656K, 30% used [0x00000000e3d00000,0x00000000e3ef6e18,0x00000000e4380000)
  to   space 5632K, 0% used [0x00000000e4380000,0x00000000e4380000,0x00000000e4900000)
 ParOldGen       total 34816K, used 22062K [0x00000000a0000000, 0x00000000a2200000, 0x00000000e0000000)
  object space 34816K, 63% used [0x00000000a0000000,0x00000000a158b880,0x00000000a2200000)
 Metaspace       used 30834K, capacity 31504K, committed 31744K, reserved 1077248K
  class space    used 4338K, capacity 4566K, committed 4608K, reserved 1048576K
Event: 15.529 GC heap after
Heap after GC invocations=15 (full 1):
 PSYoungGen      total 64512K, used 2048K [0x00000000e0000000, 0x00000000e6800000, 0x0000000100000000)
  eden space 58880K, 0% used [0x00000000e0000000,0x00000000e0000000,0x00000000e3980000)
  from space 5632K, 36% used [0x00000000e4380000,0x00000000e4580000,0x00000000e4900000)
  to   space 10240K, 0% used [0x00000000e3980000,0x00000000e3980000,0x00000000e4380000)
 ParOldGen       total 34816K, used 24009K [0x00000000a0000000, 0x00000000a2200000, 0x00000000e0000000)
  object space 34816K, 68% used [0x00000000a0000000,0x00000000a1772698,0x00000000a2200000)
 Metaspace       used 30834K, capacity 31504K, committed 31744K, reserved 1077248K
  class space    used 4338K, capacity 4566K, committed 4608K, reserved 1048576K
}
Event: 16.171 GC heap before
{Heap before GC invocations=16 (full 1):
 PSYoungGen      total 64512K, used 60928K [0x00000000e0000000, 0x00000000e6800000, 0x0000000100000000)
  eden space 58880K, 100% used [0x00000000e0000000,0x00000000e3980000,0x00000000e3980000)
  from space 5632K, 36% used [0x00000000e4380000,0x00000000e4580000,0x00000000e4900000)
  to   space 10240K, 0% used [0x00000000e3980000,0x00000000e3980000,0x00000000e4380000)
 ParOldGen       total 34816K, used 24009K [0x00000000a0000000, 0x00000000a2200000, 0x00000000e0000000)
  object space 34816K, 68% used [0x00000000a0000000,0x00000000a1772698,0x00000000a2200000)
 Metaspace       used 30877K, capacity 31568K, committed 31744K, reserved 1077248K
  class space    used 4342K, capacity 4566K, committed 4608K, reserved 1048576K
Event: 16.178 GC heap after
Heap after GC invocations=16 (full 1):
 PSYoungGen      total 69120K, used 1344K [0x00000000e0000000, 0x00000000e6200000, 0x0000000100000000)
  eden space 58880K, 0% used [0x00000000e0000000,0x00000000e0000000,0x00000000e3980000)
  from space 10240K, 13% used [0x00000000e3980000,0x00000000e3ad0000,0x00000000e4380000)
  to   space 10240K, 0% used [0x00000000e5800000,0x00000000e5800000,0x00000000e6200000)
 ParOldGen       total 34816K, used 26033K [0x00000000a0000000, 0x00000000a2200000, 0x00000000e0000000)
  object space 34816K, 74% used [0x00000000a0000000,0x00000000a196c698,0x00000000a2200000)
 Metaspace       used 30877K, capacity 31568K, committed 31744K, reserved 1077248K
  class space    used 4342K, capacity 4566K, committed 4608K, reserved 1048576K
}
Event: 16.736 GC heap before
{Heap before GC invocations=17 (full 1):
 PSYoungGen      total 69120K, used 60224K [0x00000000e0000000, 0x00000000e6200000, 0x0000000100000000)
  eden space 58880K, 100% used [0x00000000e0000000,0x00000000e3980000,0x00000000e3980000)
  from space 10240K, 13% used [0x00000000e3980000,0x00000000e3ad0000,0x00000000e4380000)
  to   space 10240K, 0% used [0x00000000e5800000,0x00000000e5800000,0x00000000e6200000)
 ParOldGen       total 34816K, used 26033K [0x00000000a0000000, 0x00000000a2200000, 0x00000000e0000000)
  object space 34816K, 74% used [0x00000000a0000000,0x00000000a196c698,0x00000000a2200000)
 Metaspace       used 30877K, capacity 31568K, committed 31744K, reserved 1077248K
  class space    used 4342K, capacity 4566K, committed 4608K, reserved 1048576K
Event: 16.742 GC heap after
Heap after GC invocations=17 (full 1):
 PSYoungGen      total 88064K, used 1604K [0x00000000e0000000, 0x00000000e6100000, 0x0000000100000000)
  eden space 78848K, 0% used [0x00000000e0000000,0x00000000e0000000,0x00000000e4d00000)
  from space 9216K, 17% used [0x00000000e5800000,0x00000000e5991278,0x00000000e6100000)
  to   space 10240K, 0% used [0x00000000e4d00000,0x00000000e4d00000,0x00000000e5700000)
 ParOldGen       total 34816K, used 27345K [0x00000000a0000000, 0x00000000a2200000, 0x00000000e0000000)
  object space 34816K, 78% used [0x00000000a0000000,0x00000000a1ab4698,0x00000000a2200000)
 Metaspace       used 30877K, capacity 31568K, committed 31744K, reserved 1077248K
  class space    used 4342K, capacity 4566K, committed 4608K, reserved 1048576K
}

