# JRE version: OpenJDK Runtime Environment (8.0_372-b07) (build 1.8.0_372-b07)
# Java VM: OpenJDK 64-Bit Server VM (25.372-b07 mixed mode windows-amd64 compressed oops)
Heap:
 PSYoungGen      total 474112K, used 447571K [0x00000000e0000000, 0x00000000ff980000, 0x0000000100000000)
  eden space 460800K, 94% used [0x00000000e0000000,0x00000000fa894cc8,0x00000000fc200000)
  from space 13312K, 96% used [0x00000000fec80000,0x00000000ff900010,0x00000000ff980000)
  to   space 19968K, 0% used [0x00000000fd280000,0x00000000fd280000,0x00000000fe600000)
 ParOldGen       total 76288K, used 42830K [0x00000000a0000000, 0x00000000a4a80000, 0x00000000e0000000)
  object space 76288K, 56% used [0x00000000a0000000,0x00000000a29d3a58,0x00000000a4a80000)
 Metaspace       used 68819K, capacity 70848K, committed 71168K, reserved 1110016K
  class space    used 9120K, capacity 9644K, committed 9728K, reserved 1048576K
GC Heap History (10 events):
Event: 305.345 GC heap before
{Heap before GC invocations=17 (full 2):
 PSYoungGen      total 501248K, used 490949K [0x00000000e0000000, 0x00000000ffe00000, 0x0000000100000000)
  eden space 482304K, 100% used [0x00000000e0000000,0x00000000fd700000,0x00000000fd700000)
  from space 18944K, 45% used [0x00000000feb80000,0x00000000ff3f14d8,0x00000000ffe00000)
  to   space 19968K, 0% used [0x00000000fd700000,0x00000000fd700000,0x00000000fea80000)
 ParOldGen       total 50176K, used 18320K [0x00000000a0000000, 0x00000000a3100000, 0x00000000e0000000)
  object space 50176K, 36% used [0x00000000a0000000,0x00000000a11e4208,0x00000000a3100000)
 Metaspace       used 50197K, capacity 51224K, committed 51456K, reserved 1093632K
  class space    used 6582K, capacity 6892K, committed 6912K, reserved 1048576K
Event: 305.384 GC heap after
Heap after GC invocations=17 (full 2):
 PSYoungGen      total 502272K, used 7709K [0x00000000e0000000, 0x00000000fff00000, 0x0000000100000000)
  eden space 482304K, 0% used [0x00000000e0000000,0x00000000e0000000,0x00000000fd700000)
  from space 19968K, 38% used [0x00000000fd700000,0x00000000fde87638,0x00000000fea80000)
  to   space 18944K, 0% used [0x00000000fec80000,0x00000000fec80000,0x00000000fff00000)
 ParOldGen       total 50176K, used 23936K [0x00000000a0000000, 0x00000000a3100000, 0x00000000e0000000)
  object space 50176K, 47% used [0x00000000a0000000,0x00000000a17601b0,0x00000000a3100000)
 Metaspace       used 50197K, capacity 51224K, committed 51456K, reserved 1093632K
  class space    used 6582K, capacity 6892K, committed 6912K, reserved 1048576K
}
Event: 310.617 GC heap before
{Heap before GC invocations=18 (full 2):
 PSYoungGen      total 502272K, used 150867K [0x00000000e0000000, 0x00000000fff00000, 0x0000000100000000)
  eden space 482304K, 29% used [0x00000000e0000000,0x00000000e8bcd848,0x00000000fd700000)
  from space 19968K, 38% used [0x00000000fd700000,0x00000000fde87638,0x00000000fea80000)
  to   space 18944K, 0% used [0x00000000fec80000,0x00000000fec80000,0x00000000fff00000)
 ParOldGen       total 50176K, used 23936K [0x00000000a0000000, 0x00000000a3100000, 0x00000000e0000000)
  object space 50176K, 47% used [0x00000000a0000000,0x00000000a17601b0,0x00000000a3100000)
 Metaspace       used 57747K, capacity 59040K, committed 59160K, reserved 1099776K
  class space    used 7639K, capacity 8039K, committed 8064K, reserved 1048576K
Event: 310.676 GC heap after
Heap after GC invocations=18 (full 2):
 PSYoungGen      total 502272K, used 15403K [0x00000000e0000000, 0x0000000100000000, 0x0000000100000000)
  eden space 483328K, 0% used [0x00000000e0000000,0x00000000e0000000,0x00000000fd800000)
  from space 18944K, 81% used [0x00000000fec80000,0x00000000ffb8af00,0x00000000fff00000)
  to   space 20480K, 0% used [0x00000000fd800000,0x00000000fd800000,0x00000000fec00000)
 ParOldGen       total 50176K, used 27788K [0x00000000a0000000, 0x00000000a3100000, 0x00000000e0000000)
  object space 50176K, 55% used [0x00000000a0000000,0x00000000a1b23018,0x00000000a3100000)
 Metaspace       used 57747K, capacity 59040K, committed 59160K, reserved 1099776K
  class space    used 7639K, capacity 8039K, committed 8064K, reserved 1048576K
}
Event: 310.676 GC heap before
{Heap before GC invocations=19 (full 3):
 PSYoungGen      total 502272K, used 15403K [0x00000000e0000000, 0x0000000100000000, 0x0000000100000000)
  eden space 483328K, 0% used [0x00000000e0000000,0x00000000e0000000,0x00000000fd800000)
  from space 18944K, 81% used [0x00000000fec80000,0x00000000ffb8af00,0x00000000fff00000)
  to   space 20480K, 0% used [0x00000000fd800000,0x00000000fd800000,0x00000000fec00000)
 ParOldGen       total 50176K, used 27788K [0x00000000a0000000, 0x00000000a3100000, 0x00000000e0000000)
  object space 50176K, 55% used [0x00000000a0000000,0x00000000a1b23018,0x00000000a3100000)
 Metaspace       used 57747K, capacity 59040K, committed 59160K, reserved 1099776K
  class space    used 7639K, capacity 8039K, committed 8064K, reserved 1048576K
Event: 311.059 GC heap after
Heap after GC invocations=19 (full 3):
 PSYoungGen      total 502272K, used 0K [0x00000000e0000000, 0x0000000100000000, 0x0000000100000000)
  eden space 483328K, 0% used [0x00000000e0000000,0x00000000e0000000,0x00000000fd800000)
  from space 18944K, 0% used [0x00000000fec80000,0x00000000fec80000,0x00000000fff00000)
  to   space 20480K, 0% used [0x00000000fd800000,0x00000000fd800000,0x00000000fec00000)
 ParOldGen       total 76288K, used 39819K [0x00000000a0000000, 0x00000000a4a80000, 0x00000000e0000000)
  object space 76288K, 52% used [0x00000000a0000000,0x00000000a26e2d98,0x00000000a4a80000)
 Metaspace       used 57703K, capacity 58900K, committed 59160K, reserved 1099776K
  class space    used 7622K, capacity 7991K, committed 8064K, reserved 1048576K
}
Event: 448.225 GC heap before
{Heap before GC invocations=20 (full 3):
 PSYoungGen      total 502272K, used 483328K [0x00000000e0000000, 0x0000000100000000, 0x0000000100000000)
  eden space 483328K, 100% used [0x00000000e0000000,0x00000000fd800000,0x00000000fd800000)
  from space 18944K, 0% used [0x00000000fec80000,0x00000000fec80000,0x00000000fff00000)
  to   space 20480K, 0% used [0x00000000fd800000,0x00000000fd800000,0x00000000fec00000)
 ParOldGen       total 76288K, used 39819K [0x00000000a0000000, 0x00000000a4a80000, 0x00000000e0000000)
  object space 76288K, 52% used [0x00000000a0000000,0x00000000a26e2d98,0x00000000a4a80000)
 Metaspace       used 62681K, capacity 64180K, committed 64384K, reserved 1105920K
  class space    used 8156K, capacity 8555K, committed 8576K, reserved 1048576K
Event: 448.241 GC heap after
Heap after GC invocations=20 (full 3):
 PSYoungGen      total 503808K, used 6616K [0x00000000e0000000, 0x00000000fff80000, 0x0000000100000000)
  eden space 483328K, 0% used [0x00000000e0000000,0x00000000e0000000,0x00000000fd800000)
  from space 20480K, 32% used [0x00000000fd800000,0x00000000fde76118,0x00000000fec00000)
  to   space 19456K, 0% used [0x00000000fec80000,0x00000000fec80000,0x00000000fff80000)
 ParOldGen       total 76288K, used 39827K [0x00000000a0000000, 0x00000000a4a80000, 0x00000000e0000000)
  object space 76288K, 52% used [0x00000000a0000000,0x00000000a26e4d98,0x00000000a4a80000)
 Metaspace       used 62681K, capacity 64180K, committed 64384K, reserved 1105920K
  class space    used 8156K, capacity 8555K, committed 8576K, reserved 1048576K
}
Event: 500.688 GC heap before
{Heap before GC invocations=21 (full 3):
 PSYoungGen      total 503808K, used 489944K [0x00000000e0000000, 0x00000000fff80000, 0x0000000100000000)
  eden space 483328K, 100% used [0x00000000e0000000,0x00000000fd800000,0x00000000fd800000)
  from space 20480K, 32% used [0x00000000fd800000,0x00000000fde76118,0x00000000fec00000)
  to   space 19456K, 0% used [0x00000000fec80000,0x00000000fec80000,0x00000000fff80000)
 ParOldGen       total 76288K, used 39827K [0x00000000a0000000, 0x00000000a4a80000, 0x00000000e0000000)
  object space 76288K, 52% used [0x00000000a0000000,0x00000000a26e4d98,0x00000000a4a80000)
 Metaspace       used 62763K, capacity 64244K, committed 64384K, reserved 1105920K
  class space    used 8156K, capacity 8555K, committed 8576K, reserved 1048576K
Event: 500.722 GC heap after
Heap after GC invocations=21 (full 3):
 PSYoungGen      total 474112K, used 12800K [0x00000000e0000000, 0x00000000ff980000, 0x0000000100000000)
  eden space 460800K, 0% used [0x00000000e0000000,0x00000000e0000000,0x00000000fc200000)
  from space 13312K, 96% used [0x00000000fec80000,0x00000000ff900010,0x00000000ff980000)
  to   space 19968K, 0% used [0x00000000fd280000,0x00000000fd280000,0x00000000fe600000)
 ParOldGen       total 76288K, used 42830K [0x00000000a0000000, 0x00000000a4a80000, 0x00000000e0000000)
  object space 76288K, 56% used [0x00000000a0000000,0x00000000a29d3a58,0x00000000a4a80000)
 Metaspace       used 62763K, capacity 64244K, committed 64384K, reserved 1105920K
  class space    used 8156K, capacity 8555K, committed 8576K, reserved 1048576K
}

