# JRE version: OpenJDK Runtime Environment (8.0_372-b07) (build 1.8.0_372-b07)
# Java VM: OpenJDK 64-Bit Server VM (25.372-b07 mixed mode windows-amd64 compressed oops)
Heap:
 PSYoungGen      total 134656K, used 80916K [0x00000000e0000000, 0x00000000e8d00000, 0x0000000100000000)
  eden space 124928K, 64% used [0x00000000e0000000,0x00000000e4f05220,0x00000000e7a00000)
  from space 9728K, 0% used [0x00000000e8380000,0x00000000e8380000,0x00000000e8d00000)
  to   space 9728K, 0% used [0x00000000e7a00000,0x00000000e7a00000,0x00000000e8380000)
 ParOldGen       total 31744K, used 9749K [0x00000000a0000000, 0x00000000a1f00000, 0x00000000e0000000)
  object space 31744K, 30% used [0x00000000a0000000,0x00000000a09857b0,0x00000000a1f00000)
 Metaspace       used 30967K, capacity 31558K, committed 31872K, reserved 1077248K
  class space    used 4173K, capacity 4393K, committed 4480K, reserved 1048576K
GC Heap History (10 events):
Event: 3.199 GC heap before
{Heap before GC invocations=5 (full 0):
 PSYoungGen      total 34304K, used 34292K [0x00000000e0000000, 0x00000000e2400000, 0x0000000100000000)
  eden space 31744K, 100% used [0x00000000e0000000,0x00000000e1f00000,0x00000000e1f00000)
  from space 2560K, 99% used [0x00000000e2180000,0x00000000e23fd3a0,0x00000000e2400000)
  to   space 2560K, 0% used [0x00000000e1f00000,0x00000000e1f00000,0x00000000e2180000)
 ParOldGen       total 42496K, used 950K [0x00000000a0000000, 0x00000000a2980000, 0x00000000e0000000)
  object space 42496K, 2% used [0x00000000a0000000,0x00000000a00edbf0,0x00000000a2980000)
 Metaspace       used 10939K, capacity 11236K, committed 11392K, reserved 1058816K
  class space    used 1463K, capacity 1550K, committed 1664K, reserved 1048576K
Event: 3.210 GC heap after
Heap after GC invocations=5 (full 0):
 PSYoungGen      total 34304K, used 2544K [0x00000000e0000000, 0x00000000e4900000, 0x0000000100000000)
  eden space 31744K, 0% used [0x00000000e0000000,0x00000000e0000000,0x00000000e1f00000)
  from space 2560K, 99% used [0x00000000e1f00000,0x00000000e217c030,0x00000000e2180000)
  to   space 5632K, 0% used [0x00000000e4380000,0x00000000e4380000,0x00000000e4900000)
 ParOldGen       total 42496K, used 4016K [0x00000000a0000000, 0x00000000a2980000, 0x00000000e0000000)
  object space 42496K, 9% used [0x00000000a0000000,0x00000000a03ec2a8,0x00000000a2980000)
 Metaspace       used 10939K, capacity 11236K, committed 11392K, reserved 1058816K
  class space    used 1463K, capacity 1550K, committed 1664K, reserved 1048576K
}
Event: 4.024 GC heap before
{Heap before GC invocations=6 (full 0):
 PSYoungGen      total 34304K, used 34288K [0x00000000e0000000, 0x00000000e4900000, 0x0000000100000000)
  eden space 31744K, 100% used [0x00000000e0000000,0x00000000e1f00000,0x00000000e1f00000)
  from space 2560K, 99% used [0x00000000e1f00000,0x00000000e217c030,0x00000000e2180000)
  to   space 5632K, 0% used [0x00000000e4380000,0x00000000e4380000,0x00000000e4900000)
 ParOldGen       total 42496K, used 4016K [0x00000000a0000000, 0x00000000a2980000, 0x00000000e0000000)
  object space 42496K, 9% used [0x00000000a0000000,0x00000000a03ec2a8,0x00000000a2980000)
 Metaspace       used 14266K, capacity 14638K, committed 14720K, reserved 1062912K
  class space    used 1994K, capacity 2129K, committed 2176K, reserved 1048576K
Event: 4.038 GC heap after
Heap after GC invocations=6 (full 0):
 PSYoungGen      total 68096K, used 5622K [0x00000000e0000000, 0x00000000e4b00000, 0x0000000100000000)
  eden space 62464K, 0% used [0x00000000e0000000,0x00000000e0000000,0x00000000e3d00000)
  from space 5632K, 99% used [0x00000000e4380000,0x00000000e48fda90,0x00000000e4900000)
  to   space 6656K, 0% used [0x00000000e3d00000,0x00000000e3d00000,0x00000000e4380000)
 ParOldGen       total 42496K, used 4459K [0x00000000a0000000, 0x00000000a2980000, 0x00000000e0000000)
  object space 42496K, 10% used [0x00000000a0000000,0x00000000a045ad58,0x00000000a2980000)
 Metaspace       used 14266K, capacity 14638K, committed 14720K, reserved 1062912K
  class space    used 1994K, capacity 2129K, committed 2176K, reserved 1048576K
}
Event: 37.246 GC heap before
{Heap before GC invocations=7 (full 0):
 PSYoungGen      total 68096K, used 68086K [0x00000000e0000000, 0x00000000e4b00000, 0x0000000100000000)
  eden space 62464K, 100% used [0x00000000e0000000,0x00000000e3d00000,0x00000000e3d00000)
  from space 5632K, 99% used [0x00000000e4380000,0x00000000e48fda90,0x00000000e4900000)
  to   space 6656K, 0% used [0x00000000e3d00000,0x00000000e3d00000,0x00000000e4380000)
 ParOldGen       total 42496K, used 4459K [0x00000000a0000000, 0x00000000a2980000, 0x00000000e0000000)
  object space 42496K, 10% used [0x00000000a0000000,0x00000000a045ad58,0x00000000a2980000)
 Metaspace       used 19327K, capacity 19830K, committed 19968K, reserved 1067008K
  class space    used 2835K, capacity 3029K, committed 3072K, reserved 1048576K
Event: 37.266 GC heap after
Heap after GC invocations=7 (full 0):
 PSYoungGen      total 69120K, used 6654K [0x00000000e0000000, 0x00000000e8d00000, 0x0000000100000000)
  eden space 62464K, 0% used [0x00000000e0000000,0x00000000e0000000,0x00000000e3d00000)
  from space 6656K, 99% used [0x00000000e3d00000,0x00000000e437fbe0,0x00000000e4380000)
  to   space 9728K, 0% used [0x00000000e8380000,0x00000000e8380000,0x00000000e8d00000)
 ParOldGen       total 42496K, used 7948K [0x00000000a0000000, 0x00000000a2980000, 0x00000000e0000000)
  object space 42496K, 18% used [0x00000000a0000000,0x00000000a07c3158,0x00000000a2980000)
 Metaspace       used 19327K, capacity 19830K, committed 19968K, reserved 1067008K
  class space    used 2835K, capacity 3029K, committed 3072K, reserved 1048576K
}
Event: 38.314 GC heap before
{Heap before GC invocations=8 (full 0):
 PSYoungGen      total 69120K, used 22718K [0x00000000e0000000, 0x00000000e8d00000, 0x0000000100000000)
  eden space 62464K, 25% used [0x00000000e0000000,0x00000000e0fafc38,0x00000000e3d00000)
  from space 6656K, 99% used [0x00000000e3d00000,0x00000000e437fbe0,0x00000000e4380000)
  to   space 9728K, 0% used [0x00000000e8380000,0x00000000e8380000,0x00000000e8d00000)
 ParOldGen       total 42496K, used 7948K [0x00000000a0000000, 0x00000000a2980000, 0x00000000e0000000)
  object space 42496K, 18% used [0x00000000a0000000,0x00000000a07c3158,0x00000000a2980000)
 Metaspace       used 20566K, capacity 21116K, committed 21248K, reserved 1067008K
  class space    used 3043K, capacity 3244K, committed 3328K, reserved 1048576K
Event: 38.326 GC heap after
Heap after GC invocations=8 (full 0):
 PSYoungGen      total 134656K, used 5433K [0x00000000e0000000, 0x00000000e8d00000, 0x0000000100000000)
  eden space 124928K, 0% used [0x00000000e0000000,0x00000000e0000000,0x00000000e7a00000)
  from space 9728K, 55% used [0x00000000e8380000,0x00000000e88ce5f8,0x00000000e8d00000)
  to   space 9728K, 0% used [0x00000000e7a00000,0x00000000e7a00000,0x00000000e8380000)
 ParOldGen       total 42496K, used 8420K [0x00000000a0000000, 0x00000000a2980000, 0x00000000e0000000)
  object space 42496K, 19% used [0x00000000a0000000,0x00000000a0839158,0x00000000a2980000)
 Metaspace       used 20566K, capacity 21116K, committed 21248K, reserved 1067008K
  class space    used 3043K, capacity 3244K, committed 3328K, reserved 1048576K
}
Event: 38.326 GC heap before
{Heap before GC invocations=9 (full 1):
 PSYoungGen      total 134656K, used 5433K [0x00000000e0000000, 0x00000000e8d00000, 0x0000000100000000)
  eden space 124928K, 0% used [0x00000000e0000000,0x00000000e0000000,0x00000000e7a00000)
  from space 9728K, 55% used [0x00000000e8380000,0x00000000e88ce5f8,0x00000000e8d00000)
  to   space 9728K, 0% used [0x00000000e7a00000,0x00000000e7a00000,0x00000000e8380000)
 ParOldGen       total 42496K, used 8420K [0x00000000a0000000, 0x00000000a2980000, 0x00000000e0000000)
  object space 42496K, 19% used [0x00000000a0000000,0x00000000a0839158,0x00000000a2980000)
 Metaspace       used 20566K, capacity 21116K, committed 21248K, reserved 1067008K
  class space    used 3043K, capacity 3244K, committed 3328K, reserved 1048576K
Event: 38.476 GC heap after
Heap after GC invocations=9 (full 1):
 PSYoungGen      total 134656K, used 0K [0x00000000e0000000, 0x00000000e8d00000, 0x0000000100000000)
  eden space 124928K, 0% used [0x00000000e0000000,0x00000000e0000000,0x00000000e7a00000)
  from space 9728K, 0% used [0x00000000e8380000,0x00000000e8380000,0x00000000e8d00000)
  to   space 9728K, 0% used [0x00000000e7a00000,0x00000000e7a00000,0x00000000e8380000)
 ParOldGen       total 31744K, used 9749K [0x00000000a0000000, 0x00000000a1f00000, 0x00000000e0000000)
  object space 31744K, 30% used [0x00000000a0000000,0x00000000a09857b0,0x00000000a1f00000)
 Metaspace       used 20566K, capacity 21116K, committed 21248K, reserved 1067008K
  class space    used 3043K, capacity 3244K, committed 3328K, reserved 1048576K
}

