# JRE version: OpenJDK Runtime Environment (8.0_372-b07) (build 1.8.0_372-b07)
# Java VM: OpenJDK 64-Bit Server VM (25.372-b07 mixed mode windows-amd64 compressed oops)
Heap:
 PSYoungGen      total 68096K, used 5625K [0x00000000e0000000, 0x00000000e4b00000, 0x0000000100000000)
  eden space 62464K, 0% used [0x00000000e0000000,0x00000000e0000000,0x00000000e3d00000)
  from space 5632K, 99% used [0x00000000e4380000,0x00000000e48fe530,0x00000000e4900000)
  to   space 6656K, 0% used [0x00000000e3d00000,0x00000000e3d00000,0x00000000e4380000)
 ParOldGen       total 37888K, used 11756K [0x00000000a0000000, 0x00000000a2500000, 0x00000000e0000000)
  object space 37888K, 31% used [0x00000000a0000000,0x00000000a0b7b300,0x00000000a2500000)
 Metaspace       used 30401K, capacity 31056K, committed 31232K, reserved 1079296K
  class space    used 4256K, capacity 4492K, committed 4608K, reserved 1048576K
GC Heap History (10 events):
Event: 3.475 GC heap before
{Heap before GC invocations=6 (full 0):
 PSYoungGen      total 34304K, used 34272K [0x00000000e0000000, 0x00000000e4900000, 0x0000000100000000)
  eden space 31744K, 100% used [0x00000000e0000000,0x00000000e1f00000,0x00000000e1f00000)
  from space 2560K, 98% used [0x00000000e1f00000,0x00000000e2178020,0x00000000e2180000)
  to   space 5632K, 0% used [0x00000000e4380000,0x00000000e4380000,0x00000000e4900000)
 ParOldGen       total 42496K, used 4010K [0x00000000a0000000, 0x00000000a2980000, 0x00000000e0000000)
  object space 42496K, 9% used [0x00000000a0000000,0x00000000a03ea8f8,0x00000000a2980000)
 Metaspace       used 14258K, capacity 14638K, committed 14720K, reserved 1062912K
  class space    used 1993K, capacity 2129K, committed 2176K, reserved 1048576K
Event: 3.488 GC heap after
Heap after GC invocations=6 (full 0):
 PSYoungGen      total 68096K, used 5607K [0x00000000e0000000, 0x00000000e4b00000, 0x0000000100000000)
  eden space 62464K, 0% used [0x00000000e0000000,0x00000000e0000000,0x00000000e3d00000)
  from space 5632K, 99% used [0x00000000e4380000,0x00000000e48f9e90,0x00000000e4900000)
  to   space 6656K, 0% used [0x00000000e3d00000,0x00000000e3d00000,0x00000000e4380000)
 ParOldGen       total 42496K, used 4484K [0x00000000a0000000, 0x00000000a2980000, 0x00000000e0000000)
  object space 42496K, 10% used [0x00000000a0000000,0x00000000a0461130,0x00000000a2980000)
 Metaspace       used 14258K, capacity 14638K, committed 14720K, reserved 1062912K
  class space    used 1993K, capacity 2129K, committed 2176K, reserved 1048576K
}
Event: 4.858 GC heap before
{Heap before GC invocations=7 (full 0):
 PSYoungGen      total 68096K, used 68071K [0x00000000e0000000, 0x00000000e4b00000, 0x0000000100000000)
  eden space 62464K, 100% used [0x00000000e0000000,0x00000000e3d00000,0x00000000e3d00000)
  from space 5632K, 99% used [0x00000000e4380000,0x00000000e48f9e90,0x00000000e4900000)
  to   space 6656K, 0% used [0x00000000e3d00000,0x00000000e3d00000,0x00000000e4380000)
 ParOldGen       total 42496K, used 4484K [0x00000000a0000000, 0x00000000a2980000, 0x00000000e0000000)
  object space 42496K, 10% used [0x00000000a0000000,0x00000000a0461130,0x00000000a2980000)
 Metaspace       used 19239K, capacity 19730K, committed 19968K, reserved 1067008K
  class space    used 2829K, capacity 3007K, committed 3072K, reserved 1048576K
Event: 4.877 GC heap after
Heap after GC invocations=7 (full 0):
 PSYoungGen      total 69120K, used 6640K [0x00000000e0000000, 0x00000000e4b00000, 0x0000000100000000)
  eden space 62464K, 0% used [0x00000000e0000000,0x00000000e0000000,0x00000000e3d00000)
  from space 6656K, 99% used [0x00000000e3d00000,0x00000000e437c020,0x00000000e4380000)
  to   space 5632K, 0% used [0x00000000e4380000,0x00000000e4380000,0x00000000e4900000)
 ParOldGen       total 42496K, used 7899K [0x00000000a0000000, 0x00000000a2980000, 0x00000000e0000000)
  object space 42496K, 18% used [0x00000000a0000000,0x00000000a07b6f20,0x00000000a2980000)
 Metaspace       used 19239K, capacity 19730K, committed 19968K, reserved 1067008K
  class space    used 2829K, capacity 3007K, committed 3072K, reserved 1048576K
}
Event: 9.542 GC heap before
{Heap before GC invocations=8 (full 0):
 PSYoungGen      total 69120K, used 23521K [0x00000000e0000000, 0x00000000e4b00000, 0x0000000100000000)
  eden space 62464K, 27% used [0x00000000e0000000,0x00000000e107c460,0x00000000e3d00000)
  from space 6656K, 99% used [0x00000000e3d00000,0x00000000e437c020,0x00000000e4380000)
  to   space 5632K, 0% used [0x00000000e4380000,0x00000000e4380000,0x00000000e4900000)
 ParOldGen       total 42496K, used 7899K [0x00000000a0000000, 0x00000000a2980000, 0x00000000e0000000)
  object space 42496K, 18% used [0x00000000a0000000,0x00000000a07b6f20,0x00000000a2980000)
 Metaspace       used 20551K, capacity 21110K, committed 21296K, reserved 1067008K
  class space    used 3024K, capacity 3189K, committed 3200K, reserved 1048576K
Event: 9.552 GC heap after
Heap after GC invocations=8 (full 0):
 PSYoungGen      total 68096K, used 5209K [0x00000000e0000000, 0x00000000e4b00000, 0x0000000100000000)
  eden space 62464K, 0% used [0x00000000e0000000,0x00000000e0000000,0x00000000e3d00000)
  from space 5632K, 92% used [0x00000000e4380000,0x00000000e48965f8,0x00000000e4900000)
  to   space 6656K, 0% used [0x00000000e3d00000,0x00000000e3d00000,0x00000000e4380000)
 ParOldGen       total 42496K, used 8443K [0x00000000a0000000, 0x00000000a2980000, 0x00000000e0000000)
  object space 42496K, 19% used [0x00000000a0000000,0x00000000a083ef20,0x00000000a2980000)
 Metaspace       used 20551K, capacity 21110K, committed 21296K, reserved 1067008K
  class space    used 3024K, capacity 3189K, committed 3200K, reserved 1048576K
}
Event: 9.552 GC heap before
{Heap before GC invocations=9 (full 1):
 PSYoungGen      total 68096K, used 5209K [0x00000000e0000000, 0x00000000e4b00000, 0x0000000100000000)
  eden space 62464K, 0% used [0x00000000e0000000,0x00000000e0000000,0x00000000e3d00000)
  from space 5632K, 92% used [0x00000000e4380000,0x00000000e48965f8,0x00000000e4900000)
  to   space 6656K, 0% used [0x00000000e3d00000,0x00000000e3d00000,0x00000000e4380000)
 ParOldGen       total 42496K, used 8443K [0x00000000a0000000, 0x00000000a2980000, 0x00000000e0000000)
  object space 42496K, 19% used [0x00000000a0000000,0x00000000a083ef20,0x00000000a2980000)
 Metaspace       used 20551K, capacity 21110K, committed 21296K, reserved 1067008K
  class space    used 3024K, capacity 3189K, committed 3200K, reserved 1048576K
Event: 9.698 GC heap after
Heap after GC invocations=9 (full 1):
 PSYoungGen      total 68096K, used 0K [0x00000000e0000000, 0x00000000e4b00000, 0x0000000100000000)
  eden space 62464K, 0% used [0x00000000e0000000,0x00000000e0000000,0x00000000e3d00000)
  from space 5632K, 0% used [0x00000000e4380000,0x00000000e4380000,0x00000000e4900000)
  to   space 6656K, 0% used [0x00000000e3d00000,0x00000000e3d00000,0x00000000e4380000)
 ParOldGen       total 37888K, used 9664K [0x00000000a0000000, 0x00000000a2500000, 0x00000000e0000000)
  object space 37888K, 25% used [0x00000000a0000000,0x00000000a0970398,0x00000000a2500000)
 Metaspace       used 20551K, capacity 21110K, committed 21296K, reserved 1067008K
  class space    used 3024K, capacity 3189K, committed 3200K, reserved 1048576K
}
Event: 10.959 GC heap before
{Heap before GC invocations=10 (full 1):
 PSYoungGen      total 68096K, used 62464K [0x00000000e0000000, 0x00000000e4b00000, 0x0000000100000000)
  eden space 62464K, 100% used [0x00000000e0000000,0x00000000e3d00000,0x00000000e3d00000)
  from space 5632K, 0% used [0x00000000e4380000,0x00000000e4380000,0x00000000e4900000)
  to   space 6656K, 0% used [0x00000000e3d00000,0x00000000e3d00000,0x00000000e4380000)
 ParOldGen       total 37888K, used 9664K [0x00000000a0000000, 0x00000000a2500000, 0x00000000e0000000)
  object space 37888K, 25% used [0x00000000a0000000,0x00000000a0970398,0x00000000a2500000)
 Metaspace       used 28489K, capacity 29156K, committed 29312K, reserved 1075200K
  class space    used 3930K, capacity 4138K, committed 4224K, reserved 1048576K
Event: 10.973 GC heap after
Heap after GC invocations=10 (full 1):
 PSYoungGen      total 69120K, used 6635K [0x00000000e0000000, 0x00000000e4b00000, 0x0000000100000000)
  eden space 62464K, 0% used [0x00000000e0000000,0x00000000e0000000,0x00000000e3d00000)
  from space 6656K, 99% used [0x00000000e3d00000,0x00000000e437ac60,0x00000000e4380000)
  to   space 5632K, 0% used [0x00000000e4380000,0x00000000e4380000,0x00000000e4900000)
 ParOldGen       total 37888K, used 11007K [0x00000000a0000000, 0x00000000a2500000, 0x00000000e0000000)
  object space 37888K, 29% used [0x00000000a0000000,0x00000000a0abfe60,0x00000000a2500000)
 Metaspace       used 28489K, capacity 29156K, committed 29312K, reserved 1075200K
  class space    used 3930K, capacity 4138K, committed 4224K, reserved 1048576K
}

