# JRE version: OpenJDK Runtime Environment (8.0_372-b07) (build 1.8.0_372-b07)
# Java VM: OpenJDK 64-Bit Server VM (25.372-b07 mixed mode windows-amd64 compressed oops)
Heap:
 PSYoungGen      total 255488K, used 58306K [0x00000000e0000000, 0x00000000f0600000, 0x0000000100000000)
  eden space 242688K, 22% used [0x00000000e0000000,0x00000000e3502eb8,0x00000000eed00000)
  from space 12800K, 31% used [0x00000000eed00000,0x00000000ef0edb28,0x00000000ef980000)
  to   space 8192K, 0% used [0x00000000efe00000,0x00000000efe00000,0x00000000f0600000)
 ParOldGen       total 43520K, used 23344K [0x00000000a0000000, 0x00000000a2a80000, 0x00000000e0000000)
  object space 43520K, 53% used [0x00000000a0000000,0x00000000a16cc318,0x00000000a2a80000)
 Metaspace       used 46609K, capacity 48152K, committed 48424K, reserved 1091584K
  class space    used 6120K, capacity 6628K, committed 6696K, reserved 1048576K
GC Heap History (10 events):
Event: 279.992 GC heap before
{Heap before GC invocations=11 (full 1):
 PSYoungGen      total 131072K, used 44617K [0x00000000e0000000, 0x00000000eba00000, 0x0000000100000000)
  eden space 122368K, 29% used [0x00000000e0000000,0x00000000e2315458,0x00000000e7780000)
  from space 8704K, 99% used [0x00000000e7780000,0x00000000e7ffd0d0,0x00000000e8000000)
  to   space 11264K, 0% used [0x00000000eaf00000,0x00000000eaf00000,0x00000000eba00000)
 ParOldGen       total 31232K, used 13722K [0x00000000a0000000, 0x00000000a1e80000, 0x00000000e0000000)
  object space 31232K, 43% used [0x00000000a0000000,0x00000000a0d66858,0x00000000a1e80000)
 Metaspace       used 34606K, capacity 35370K, committed 35496K, reserved 1079296K
  class space    used 4764K, capacity 5007K, committed 5032K, reserved 1048576K
Event: 280.021 GC heap after
Heap after GC invocations=11 (full 1):
 PSYoungGen      total 178688K, used 8327K [0x00000000e0000000, 0x00000000ec300000, 0x0000000100000000)
  eden space 167424K, 0% used [0x00000000e0000000,0x00000000e0000000,0x00000000ea380000)
  from space 11264K, 73% used [0x00000000eaf00000,0x00000000eb721c38,0x00000000eba00000)
  to   space 11776K, 0% used [0x00000000ea380000,0x00000000ea380000,0x00000000eaf00000)
 ParOldGen       total 31232K, used 16529K [0x00000000a0000000, 0x00000000a1e80000, 0x00000000e0000000)
  object space 31232K, 52% used [0x00000000a0000000,0x00000000a1024758,0x00000000a1e80000)
 Metaspace       used 34606K, capacity 35370K, committed 35496K, reserved 1079296K
  class space    used 4764K, capacity 5007K, committed 5032K, reserved 1048576K
}
Event: 280.021 GC heap before
{Heap before GC invocations=12 (full 2):
 PSYoungGen      total 178688K, used 8327K [0x00000000e0000000, 0x00000000ec300000, 0x0000000100000000)
  eden space 167424K, 0% used [0x00000000e0000000,0x00000000e0000000,0x00000000ea380000)
  from space 11264K, 73% used [0x00000000eaf00000,0x00000000eb721c38,0x00000000eba00000)
  to   space 11776K, 0% used [0x00000000ea380000,0x00000000ea380000,0x00000000eaf00000)
 ParOldGen       total 31232K, used 16529K [0x00000000a0000000, 0x00000000a1e80000, 0x00000000e0000000)
  object space 31232K, 52% used [0x00000000a0000000,0x00000000a1024758,0x00000000a1e80000)
 Metaspace       used 34606K, capacity 35370K, committed 35496K, reserved 1079296K
  class space    used 4764K, capacity 5007K, committed 5032K, reserved 1048576K
Event: 280.137 GC heap after
Heap after GC invocations=12 (full 2):
 PSYoungGen      total 178688K, used 0K [0x00000000e0000000, 0x00000000ec300000, 0x0000000100000000)
  eden space 167424K, 0% used [0x00000000e0000000,0x00000000e0000000,0x00000000ea380000)
  from space 11264K, 0% used [0x00000000eaf00000,0x00000000eaf00000,0x00000000eba00000)
  to   space 11776K, 0% used [0x00000000ea380000,0x00000000ea380000,0x00000000eaf00000)
 ParOldGen       total 43520K, used 17713K [0x00000000a0000000, 0x00000000a2a80000, 0x00000000e0000000)
  object space 43520K, 40% used [0x00000000a0000000,0x00000000a114c668,0x00000000a2a80000)
 Metaspace       used 34588K, capacity 35350K, committed 35496K, reserved 1079296K
  class space    used 4757K, capacity 4999K, committed 5032K, reserved 1048576K
}
Event: 335.917 GC heap before
{Heap before GC invocations=13 (full 2):
 PSYoungGen      total 178688K, used 167424K [0x00000000e0000000, 0x00000000ec300000, 0x0000000100000000)
  eden space 167424K, 100% used [0x00000000e0000000,0x00000000ea380000,0x00000000ea380000)
  from space 11264K, 0% used [0x00000000eaf00000,0x00000000eaf00000,0x00000000eba00000)
  to   space 11776K, 0% used [0x00000000ea380000,0x00000000ea380000,0x00000000eaf00000)
 ParOldGen       total 43520K, used 17713K [0x00000000a0000000, 0x00000000a2a80000, 0x00000000e0000000)
  object space 43520K, 40% used [0x00000000a0000000,0x00000000a114c668,0x00000000a2a80000)
 Metaspace       used 44190K, capacity 45172K, committed 45352K, reserved 1089536K
  class space    used 5846K, capacity 6150K, committed 6184K, reserved 1048576K
Event: 335.939 GC heap after
Heap after GC invocations=13 (full 2):
 PSYoungGen      total 179200K, used 8272K [0x00000000e0000000, 0x00000000f0a00000, 0x0000000100000000)
  eden space 167424K, 0% used [0x00000000e0000000,0x00000000e0000000,0x00000000ea380000)
  from space 11776K, 70% used [0x00000000ea380000,0x00000000eab94370,0x00000000eaf00000)
  to   space 12288K, 0% used [0x00000000efe00000,0x00000000efe00000,0x00000000f0a00000)
 ParOldGen       total 43520K, used 17801K [0x00000000a0000000, 0x00000000a2a80000, 0x00000000e0000000)
  object space 43520K, 40% used [0x00000000a0000000,0x00000000a1162678,0x00000000a2a80000)
 Metaspace       used 44190K, capacity 45172K, committed 45352K, reserved 1089536K
  class space    used 5846K, capacity 6150K, committed 6184K, reserved 1048576K
}
Event: 458.942 GC heap before
{Heap before GC invocations=14 (full 2):
 PSYoungGen      total 179200K, used 175696K [0x00000000e0000000, 0x00000000f0a00000, 0x0000000100000000)
  eden space 167424K, 100% used [0x00000000e0000000,0x00000000ea380000,0x00000000ea380000)
  from space 11776K, 70% used [0x00000000ea380000,0x00000000eab94370,0x00000000eaf00000)
  to   space 12288K, 0% used [0x00000000efe00000,0x00000000efe00000,0x00000000f0a00000)
 ParOldGen       total 43520K, used 17801K [0x00000000a0000000, 0x00000000a2a80000, 0x00000000e0000000)
  object space 43520K, 40% used [0x00000000a0000000,0x00000000a1162678,0x00000000a2a80000)
 Metaspace       used 44534K, capacity 45562K, committed 45864K, reserved 1089536K
  class space    used 5852K, capacity 6151K, committed 6184K, reserved 1048576K
Event: 458.958 GC heap after
Heap after GC invocations=14 (full 2):
 PSYoungGen      total 250880K, used 688K [0x00000000e0000000, 0x00000000f0600000, 0x0000000100000000)
  eden space 242688K, 0% used [0x00000000e0000000,0x00000000e0000000,0x00000000eed00000)
  from space 8192K, 8% used [0x00000000efe00000,0x00000000efeac088,0x00000000f0600000)
  to   space 12800K, 0% used [0x00000000eed00000,0x00000000eed00000,0x00000000ef980000)
 ParOldGen       total 43520K, used 22880K [0x00000000a0000000, 0x00000000a2a80000, 0x00000000e0000000)
  object space 43520K, 52% used [0x00000000a0000000,0x00000000a16581a8,0x00000000a2a80000)
 Metaspace       used 44534K, capacity 45562K, committed 45864K, reserved 1089536K
  class space    used 5852K, capacity 6151K, committed 6184K, reserved 1048576K
}
Event: 550.860 GC heap before
{Heap before GC invocations=15 (full 2):
 PSYoungGen      total 250880K, used 243376K [0x00000000e0000000, 0x00000000f0600000, 0x0000000100000000)
  eden space 242688K, 100% used [0x00000000e0000000,0x00000000eed00000,0x00000000eed00000)
  from space 8192K, 8% used [0x00000000efe00000,0x00000000efeac088,0x00000000f0600000)
  to   space 12800K, 0% used [0x00000000eed00000,0x00000000eed00000,0x00000000ef980000)
 ParOldGen       total 43520K, used 22880K [0x00000000a0000000, 0x00000000a2a80000, 0x00000000e0000000)
  object space 43520K, 52% used [0x00000000a0000000,0x00000000a16581a8,0x00000000a2a80000)
 Metaspace       used 45699K, capacity 46906K, committed 47144K, reserved 1089536K
  class space    used 6014K, capacity 6377K, committed 6440K, reserved 1048576K
Event: 550.877 GC heap after
Heap after GC invocations=15 (full 2):
 PSYoungGen      total 255488K, used 4022K [0x00000000e0000000, 0x00000000f0600000, 0x0000000100000000)
  eden space 242688K, 0% used [0x00000000e0000000,0x00000000e0000000,0x00000000eed00000)
  from space 12800K, 31% used [0x00000000eed00000,0x00000000ef0edb28,0x00000000ef980000)
  to   space 8192K, 0% used [0x00000000efe00000,0x00000000efe00000,0x00000000f0600000)
 ParOldGen       total 43520K, used 23344K [0x00000000a0000000, 0x00000000a2a80000, 0x00000000e0000000)
  object space 43520K, 53% used [0x00000000a0000000,0x00000000a16cc318,0x00000000a2a80000)
 Metaspace       used 45699K, capacity 46906K, committed 47144K, reserved 1089536K
  class space    used 6014K, capacity 6377K, committed 6440K, reserved 1048576K
}

